INFO: 2018/11/03 18:35:59 logger.go:37: Start up Info log
INFO: 2018/11/03 18:37:46 logger.go:37: Start up Info log
INFO: 2018/11/03 18:38:38 logger.go:37: Start up Info log
INFO: 2018/11/03 18:39:38 logger.go:37: Start up Info log
INFO: 2018/11/03 18:41:23 logger.go:37: Start up Info log
INFO: 2018/11/03 18:42:19 logger.go:37: Start up Info log
INFO: 2018/11/03 18:42:28 logger.go:37: Start up Info log
INFO: 2018/11/03 18:42:44 logger.go:37: Start up Info log
INFO: 2018/11/03 18:43:31 logger.go:37: Start up Info log
INFO: 2018/11/03 18:46:27 logger.go:37: Start up Info log
INFO: 2018/11/03 18:47:07 logger.go:37: Start up Info log
INFO: 2018/11/03 18:47:11 logger.go:37: Start up Info log
INFO: 2018/11/03 18:48:04 logger.go:37: Start up Info log
INFO: 2018/11/03 18:49:34 logger.go:37: Start up Info log
INFO: 2018/11/03 18:49:38 logger.go:37: Start up Info log
INFO: 2018/11/03 18:53:36 logger.go:37: Start up Info log
INFO: 2018/11/03 18:53:43 logger.go:37: Start up Info log
INFO: 2018/11/03 18:53:47 logger.go:37: Start up Info log
INFO: 2018/11/03 18:55:52 logger.go:37: Start up Info log
INFO: 2018/11/03 18:55:52 r.go:28: Register called
INFO: 2018/11/03 18:55:59 logger.go:37: Start up Info log
INFO: 2018/11/03 18:56:48 logger.go:37: Start up Info log
INFO: 2018/11/03 18:56:48 r.go:28: Register called
INFO: 2018/11/03 18:58:27 logger.go:37: Start up Info log
INFO: 2018/11/03 18:58:27 r.go:28: Register called
INFO: 2018/11/03 18:59:38 logger.go:37: Start up Info log
INFO: 2018/11/03 18:59:38 r.go:28: Register called
INFO: 2018/11/03 19:00:34 logger.go:37: Start up Info log
INFO: 2018/11/03 19:00:34 r.go:28: Register called
INFO: 2018/11/03 19:00:49 logger.go:37: Start up Info log
INFO: 2018/11/03 19:01:02 logger.go:37: Start up Info log
INFO: 2018/11/03 19:01:02 l.go:28: Login called
INFO: 2018/11/03 19:01:27 logger.go:37: Start up Info log
INFO: 2018/11/03 19:02:53 logger.go:37: Start up Info log
INFO: 2018/11/03 19:02:53 lo.go:28: Logout called
INFO: 2018/11/03 19:03:14 logger.go:37: Start up Info log
INFO: 2018/11/03 19:04:01 logger.go:37: Start up Info log
INFO: 2018/11/03 19:04:01 r.go:28: Register called
INFO: 2018/11/03 19:04:16 logger.go:37: Start up Info log
INFO: 2018/11/03 19:04:16 r.go:28: Register called
INFO: 2018/11/03 19:04:34 logger.go:37: Start up Info log
INFO: 2018/11/03 19:04:34 l.go:28: Login called
INFO: 2018/11/03 19:04:41 logger.go:37: Start up Info log
INFO: 2018/11/03 19:05:58 logger.go:37: Start up Info log
INFO: 2018/11/03 19:05:58 cm.go:28: Create Meeting Called
INFO: 2018/11/03 19:06:12 logger.go:37: Start up Info log
INFO: 2018/11/03 19:06:12 cm.go:28: Create Meeting Called
INFO: 2018/11/03 19:08:50 logger.go:37: Start up Info log
INFO: 2018/11/03 19:08:50 cm.go:28: Create Meeting Called
INFO: 2018/11/03 19:09:19 logger.go:37: Start up Info log
INFO: 2018/11/03 19:09:19 cm.go:28: Create Meeting Called
INFO: 2018/11/03 19:10:15 logger.go:37: Start up Info log
INFO: 2018/11/03 19:10:17 logger.go:37: Start up Info log
INFO: 2018/11/03 19:10:17 fm.go:28: Query Meeting called
INFO: 2018/11/03 19:10:22 logger.go:37: Start up Info log
INFO: 2018/11/03 19:10:49 logger.go:37: Start up Info log
INFO: 2018/11/03 19:10:49 fm.go:28: Query Meeting called
INFO: 2018/11/03 19:11:19 logger.go:37: Start up Info log
INFO: 2018/11/03 19:11:19 fm.go:28: Query Meeting called
INFO: 2018/11/03 19:13:39 logger.go:37: Start up Info log
INFO: 2018/11/03 19:13:39 fm.go:28: Query Meeting called
INFO: 2018/11/03 19:14:27 logger.go:37: Start up Info log
INFO: 2018/11/03 19:14:27 fm.go:28: Query Meeting called
INFO: 2018/11/03 19:14:59 logger.go:37: Start up Info log
INFO: 2018/11/03 19:14:59 lo.go:28: Logout called
INFO: 2018/11/03 19:15:01 logger.go:37: Start up Info log
INFO: 2018/11/03 19:15:01 fm.go:28: Query Meeting called
